Flow report for BeamForming9MicMEMS
Mon May  5 12:55:01 2025
Quartus Prime Version 23.1std.1 Build 993 05/14/2024 SC Standard Edition


---------------------
; Table of Contents ;
---------------------
  1. Legal Notice
  2. Flow Summary
  3. Flow Settings
  4. Flow Non-Default Global Settings
  5. Flow Elapsed Time
  6. Flow OS Summary
  7. Flow Log
  8. Flow Messages
  9. Flow Suppressed Messages



----------------
; Legal Notice ;
----------------
Copyright (C) 2024  Intel Corporation. All rights reserved.
Your use of Intel Corporation's design tools, logic functions 
and other software and tools, and any partner logic 
functions, and any output files from any of the foregoing 
(including device programming or simulation files), and any 
associated documentation or information are expressly subject 
to the terms and conditions of the Intel Program License 
Subscription Agreement, the Intel Quartus Prime License Agreement,
the Intel FPGA IP License Agreement, or other applicable license
agreement, including, without limitation, that your use is for
the sole purpose of programming logic devices manufactured by
Intel and sold by Intel or its authorized distributors.  Please
refer to the applicable agreement for further details, at
https://fpgasoftware.intel.com/eula.



+-----------------------------------------------------------------------------------------+
; Flow Summary                                                                            ;
+------------------------------------+----------------------------------------------------+
; Flow Status                        ; Successful - Mon May  5 12:54:56 2025              ;
; Quartus Prime Version              ; 23.1std.1 Build 993 05/14/2024 SC Standard Edition ;
; Revision Name                      ; BeamForming9MicMEMS                                ;
; Top-level Entity Name              ; BeamForming                                        ;
; Family                             ; Cyclone IV E                                       ;
; Device                             ; EP4CE6E22C8                                        ;
; Timing Models                      ; Final                                              ;
; Total logic elements               ; 5,100 / 6,272 ( 81 % )                             ;
;     Total combinational functions  ; 4,334 / 6,272 ( 69 % )                             ;
;     Dedicated logic registers      ; 3,589 / 6,272 ( 57 % )                             ;
; Total registers                    ; 3589                                               ;
; Total pins                         ; 56 / 92 ( 61 % )                                   ;
; Total virtual pins                 ; 0                                                  ;
; Total memory bits                  ; 6,104 / 276,480 ( 2 % )                            ;
; Embedded Multiplier 9-bit elements ; 26 / 30 ( 87 % )                                   ;
; Total PLLs                         ; 1 / 2 ( 50 % )                                     ;
+------------------------------------+----------------------------------------------------+


+-----------------------------------------+
; Flow Settings                           ;
+-------------------+---------------------+
; Option            ; Setting             ;
+-------------------+---------------------+
; Start date & time ; 05/05/2025 12:53:42 ;
; Main task         ; Compilation         ;
; Revision Name     ; BeamForming9MicMEMS ;
+-------------------+---------------------+


+----------------------------------------------------------------------------------------------------------------------------------------------------------------------------------------+
; Flow Non-Default Global Settings                                                                                                                                                       ;
+-------------------------------------------------+--------------------------------------------------------------+---------------------+-------------+-----------------------------------+
; Assignment Name                                 ; Value                                                        ; Default Value       ; Entity Name ; Section Id                        ;
+-------------------------------------------------+--------------------------------------------------------------+---------------------+-------------+-----------------------------------+
; ADV_NETLIST_OPT_SYNTH_WYSIWYG_REMAP             ; On                                                           ; Off                 ; --          ; --                                ;
; ALLOW_SHIFT_REGISTER_MERGING_ACROSS_HIERARCHIES ; Always                                                       ; Auto                ; --          ; --                                ;
; AUTO_DSP_RECOGNITION                            ; Off                                                          ; On                  ; --          ; --                                ;
; AUTO_SHIFT_REGISTER_RECOGNITION                 ; Off                                                          ; Auto                ; --          ; --                                ;
; COMPILER_SIGNATURE_ID                           ; 168202124872609.174647122207388                              ; --                  ; --          ; --                                ;
; CYCLONEII_OPTIMIZATION_TECHNIQUE                ; Area                                                         ; Balanced            ; --          ; --                                ;
; EDA_GENERATE_FUNCTIONAL_NETLIST                 ; Off                                                          ; --                  ; --          ; eda_board_design_timing           ;
; EDA_GENERATE_FUNCTIONAL_NETLIST                 ; Off                                                          ; --                  ; --          ; eda_board_design_boundary_scan    ;
; EDA_GENERATE_FUNCTIONAL_NETLIST                 ; Off                                                          ; --                  ; --          ; eda_board_design_signal_integrity ;
; EDA_GENERATE_FUNCTIONAL_NETLIST                 ; Off                                                          ; --                  ; --          ; eda_board_design_symbol           ;
; EDA_OUTPUT_DATA_FORMAT                          ; None                                                         ; --                  ; --          ; eda_simulation                    ;
; EDA_TIME_SCALE                                  ; 1 ps                                                         ; --                  ; --          ; eda_simulation                    ;
; FITTER_AGGRESSIVE_ROUTABILITY_OPTIMIZATION      ; Always                                                       ; Automatically       ; --          ; --                                ;
; MAX_CORE_JUNCTION_TEMP                          ; 85                                                           ; --                  ; --          ; --                                ;
; MIN_CORE_JUNCTION_TEMP                          ; 0                                                            ; --                  ; --          ; --                                ;
; MISC_FILE                                       ; cordic_cos/synthesis/../cordic_cos.cmp                       ; --                  ; --          ; --                                ;
; MISC_FILE                                       ; cordic_cos/synthesis/../../cordic_cos.qsys                   ; --                  ; --          ; --                                ;
; MISC_FILE                                       ; CIC/synthesis/../CIC.cmp                                     ; --                  ; --          ; --                                ;
; MISC_FILE                                       ; CIC/synthesis/../../CIC.qsys                                 ; --                  ; --          ; --                                ;
; MISC_FILE                                       ; pll_3M2Hz_bb.v                                               ; --                  ; --          ; --                                ;
; MISC_FILE                                       ; pll_3M2Hz.ppf                                                ; --                  ; --          ; --                                ;
; MISC_FILE                                       ; LOW_PASS_FIR.cmp                                             ; --                  ; --          ; --                                ;
; MUX_RESTRUCTURE                                 ; On                                                           ; Auto                ; --          ; --                                ;
; NOMINAL_CORE_SUPPLY_VOLTAGE                     ; 1.2V                                                         ; --                  ; --          ; --                                ;
; NUM_PARALLEL_PROCESSORS                         ; 2                                                            ; --                  ; --          ; --                                ;
; OPTIMIZE_TIMING                                 ; Off                                                          ; Normal compilation  ; --          ; --                                ;
; PARTITION_COLOR                                 ; -- (Not supported for targeted family)                       ; --                  ; BeamForming ; Top                               ;
; PARTITION_FITTER_PRESERVATION_LEVEL             ; -- (Not supported for targeted family)                       ; --                  ; BeamForming ; Top                               ;
; PARTITION_NETLIST_TYPE                          ; -- (Not supported for targeted family)                       ; --                  ; BeamForming ; Top                               ;
; PHYSICAL_SYNTHESIS_COMBO_LOGIC_FOR_AREA         ; On                                                           ; Off                 ; --          ; --                                ;
; PHYSICAL_SYNTHESIS_MAP_LOGIC_TO_MEMORY_FOR_AREA ; On                                                           ; Off                 ; --          ; --                                ;
; PLACEMENT_EFFORT_MULTIPLIER                     ; 2                                                            ; 1.0                 ; --          ; --                                ;
; POWER_BOARD_THERMAL_MODEL                       ; None (CONSERVATIVE)                                          ; --                  ; --          ; --                                ;
; POWER_PRESET_COOLING_SOLUTION                   ; 23 MM HEAT SINK WITH 200 LFPM AIRFLOW                        ; --                  ; --          ; --                                ;
; PROJECT_OUTPUT_DIRECTORY                        ; output_files                                                 ; --                  ; --          ; --                                ;
; REMOVE_REDUNDANT_LOGIC_CELLS                    ; On                                                           ; Off                 ; --          ; --                                ;
; SLD_FILE                                        ; cordic_cos/synthesis/cordic_cos.debuginfo                    ; --                  ; --          ; --                                ;
; SLD_FILE                                        ; CIC/synthesis/CIC.debuginfo                                  ; --                  ; --          ; --                                ;
; SLD_INFO                                        ; QSYS_NAME CIC HAS_SOPCINFO 1 GENERATION_ID 1746420463        ; --                  ; CIC         ; --                                ;
; SLD_INFO                                        ; QSYS_NAME cordic_cos HAS_SOPCINFO 1 GENERATION_ID 1746419219 ; --                  ; cordic_cos  ; --                                ;
; SMART_RECOMPILE                                 ; On                                                           ; Off                 ; --          ; --                                ;
; SOPCINFO_FILE                                   ; cordic_cos/synthesis/../../cordic_cos.sopcinfo               ; --                  ; --          ; --                                ;
; SOPCINFO_FILE                                   ; CIC/synthesis/../../CIC.sopcinfo                             ; --                  ; --          ; --                                ;
; STATE_MACHINE_PROCESSING                        ; Minimal Bits                                                 ; Auto                ; --          ; --                                ;
; SYNTHESIS_ONLY_QIP                              ; On                                                           ; --                  ; --          ; --                                ;
; SYNTHESIS_ONLY_QIP                              ; On                                                           ; --                  ; --          ; --                                ;
; SYNTHESIS_ONLY_QIP                              ; On                                                           ; --                  ; --          ; --                                ;
; TOP_LEVEL_ENTITY                                ; BeamForming                                                  ; BeamForming9MicMEMS ; --          ; --                                ;
+-------------------------------------------------+--------------------------------------------------------------+---------------------+-------------+-----------------------------------+


+--------------------------------------------------------------------------------------------------------------------------+
; Flow Elapsed Time                                                                                                        ;
+----------------------+--------------+-------------------------+---------------------+------------------------------------+
; Module Name          ; Elapsed Time ; Average Processors Used ; Peak Virtual Memory ; Total CPU Time (on all processors) ;
+----------------------+--------------+-------------------------+---------------------+------------------------------------+
; Analysis & Synthesis ; 00:00:42     ; 1.0                     ; 4950 MB             ; 00:01:04                           ;
; Fitter               ; 00:00:23     ; 1.0                     ; 5275 MB             ; 00:00:32                           ;
; Assembler            ; 00:00:03     ; 1.0                     ; 4743 MB             ; 00:00:02                           ;
; Timing Analyzer      ; 00:00:04     ; 1.1                     ; 4850 MB             ; 00:00:05                           ;
; Total                ; 00:01:12     ; --                      ; --                  ; 00:01:43                           ;
+----------------------+--------------+-------------------------+---------------------+------------------------------------+


+------------------------------------------------------------------------------------+
; Flow OS Summary                                                                    ;
+----------------------+------------------+------------+------------+----------------+
; Module Name          ; Machine Hostname ; OS Name    ; OS Version ; Processor type ;
+----------------------+------------------+------------+------------+----------------+
; Analysis & Synthesis ; ThinkPad-T480s   ; Windows 10 ; 10.0       ; x86_64         ;
; Fitter               ; ThinkPad-T480s   ; Windows 10 ; 10.0       ; x86_64         ;
; Assembler            ; ThinkPad-T480s   ; Windows 10 ; 10.0       ; x86_64         ;
; Timing Analyzer      ; ThinkPad-T480s   ; Windows 10 ; 10.0       ; x86_64         ;
+----------------------+------------------+------------+------------+----------------+


------------
; Flow Log ;
------------
quartus_map --read_settings_files=on --write_settings_files=off BeamForming -c BeamForming9MicMEMS
quartus_fit --read_settings_files=off --write_settings_files=off BeamForming -c BeamForming9MicMEMS
quartus_asm --read_settings_files=off --write_settings_files=off BeamForming -c BeamForming9MicMEMS
quartus_sta BeamForming -c BeamForming9MicMEMS



