Assembler report for BeamForming9MicMEMS
Mon May  5 12:54:56 2025
Quartus Prime Version 23.1std.1 Build 993 05/14/2024 SC Standard Edition


---------------------
; Table of Contents ;
---------------------
  1. Legal Notice
  2. Assembler Summary
  3. Assembler Settings
  4. Assembler Encrypted IP Cores Summary
  5. Assembler Generated Files
  6. Assembler Device Options: C:/Users/LENOVO/Documents/1415063H/Procesamiento de senales/FPGA/output_files/BeamForming9MicMEMS_time_limited.sof
  7. Assembler Messages



----------------
; Legal Notice ;
----------------
Copyright (C) 2024  Intel Corporation. All rights reserved.
Your use of Intel Corporation's design tools, logic functions 
and other software and tools, and any partner logic 
functions, and any output files from any of the foregoing 
(including device programming or simulation files), and any 
associated documentation or information are expressly subject 
to the terms and conditions of the Intel Program License 
Subscription Agreement, the Intel Quartus Prime License Agreement,
the Intel FPGA IP License Agreement, or other applicable license
agreement, including, without limitation, that your use is for
the sole purpose of programming logic devices manufactured by
Intel and sold by Intel or its authorized distributors.  Please
refer to the applicable agreement for further details, at
https://fpgasoftware.intel.com/eula.



+---------------------------------------------------------------+
; Assembler Summary                                             ;
+-----------------------+---------------------------------------+
; Assembler Status      ; Successful - Mon May  5 12:54:56 2025 ;
; Revision Name         ; BeamForming9MicMEMS                   ;
; Top-level Entity Name ; BeamForming                           ;
; Family                ; Cyclone IV E                          ;
; Device                ; EP4CE6E22C8                           ;
+-----------------------+---------------------------------------+


+----------------------------------+
; Assembler Settings               ;
+--------+---------+---------------+
; Option ; Setting ; Default Value ;
+--------+---------+---------------+


+---------------------------------------------------+
; Assembler Encrypted IP Cores Summary              ;
+--------+--------------------------+---------------+
; Vendor ; IP Core Name             ; License Type  ;
+--------+--------------------------+---------------+
; Altera ; CIC Compiler (6AF7 00BB) ; OpenCore Plus ;
; Altera ; Signal Tap (6AF7 BCE1)   ; Licensed      ;
; Altera ; Signal Tap (6AF7 BCEC)   ; Licensed      ;
+--------+--------------------------+---------------+


+--------------------------------------------------------------------------------------------------------------------+
; Assembler Generated Files                                                                                          ;
+--------------------------------------------------------------------------------------------------------------------+
; File Name                                                                                                          ;
+--------------------------------------------------------------------------------------------------------------------+
; C:/Users/LENOVO/Documents/1415063H/Procesamiento de senales/FPGA/output_files/BeamForming9MicMEMS_time_limited.sof ;
+--------------------------------------------------------------------------------------------------------------------+


+----------------------------------------------------------------------------------------------------------------------------------------------+
; Assembler Device Options: C:/Users/LENOVO/Documents/1415063H/Procesamiento de senales/FPGA/output_files/BeamForming9MicMEMS_time_limited.sof ;
+----------------+-----------------------------------------------------------------------------------------------------------------------------+
; Option         ; Setting                                                                                                                     ;
+----------------+-----------------------------------------------------------------------------------------------------------------------------+
; JTAG usercode  ; 0x00353DA2                                                                                                                  ;
; Checksum       ; 0x00353DA2                                                                                                                  ;
+----------------+-----------------------------------------------------------------------------------------------------------------------------+


+--------------------+
; Assembler Messages ;
+--------------------+
Info: *******************************************************************
Info: Running Quartus Prime Assembler
    Info: Version 23.1std.1 Build 993 05/14/2024 SC Standard Edition
    Info: Processing started: Mon May  5 12:54:53 2025
Info: Command: quartus_asm --read_settings_files=off --write_settings_files=off BeamForming -c BeamForming9MicMEMS
Info (115031): Writing out detailed assembly data for power analysis
Info (115030): Assembler is generating device programming files
Info (115017): Design contains a time-limited core -- only a single, time-limited programming file can be generated
Warning (210042): Can't convert time-limited SOF into POF, HEX File, TTF, or RBF
Info: Quartus Prime Assembler was successful. 0 errors, 1 warning
    Info: Peak virtual memory: 4744 megabytes
    Info: Processing ended: Mon May  5 12:54:56 2025
    Info: Elapsed time: 00:00:03
    Info: Total CPU time (on all processors): 00:00:03


